<?xml version="1.0" encoding="UTF-8"?>
<!-- Generated by org.testng.reporters.JUnitReportReporter -->
<testsuite skipped="3" hostname="DESKTOP-S2E0FKK" name="com.testCases.Test456" tests="3" failures="0" timestamp="23 Nov 2018 05:55:02 GMT" time="0.000" errors="0">
  <testcase name="testcase456" time="0.000" classname="com.testCases.Test456">
    <skipped/>
  </testcase> <!-- testcase456 -->
  <testcase name="testcase456" time="0.000" classname="com.testCases.Test456">
    <skipped/>
  </testcase> <!-- testcase456 -->
  <testcase name="testcase456" time="0.000" classname="com.testCases.Test456">
    <skipped/>
  </testcase> <!-- testcase456 -->
</testsuite> <!-- com.testCases.Test456 -->
