<?xml version="1.0" encoding="UTF-8"?>
<!-- Generated by org.testng.reporters.JUnitReportReporter -->
<testsuite skipped="0" hostname="DESKTOP-S2E0FKK" name="com.testCases.Test123" tests="3" failures="0" timestamp="23 Nov 2018 05:55:02 GMT" time="12.063" errors="0">
  <testcase name="testcase123" time="4.874" classname="com.testCases.Test123"/>
  <testcase name="testcase123" time="3.658" classname="com.testCases.Test123"/>
  <testcase name="testcase123" time="3.531" classname="com.testCases.Test123"/>
</testsuite> <!-- com.testCases.Test123 -->
